Deleting pre-activation logs/calibration/raw_measurements.csv (archive at  _archived_greedy_v1_4_pre_direction_a/)
=== Calibration cohort: calibration_v1 ===
Started:        2026-05-13T10:24:29Z
Hostname:       iisl
Git commit:     c56f0fcd0ec7968d24253db17336970952445023
Active alloc:   conflict_aware
Workers:        32
CSV:            logs/calibration/raw_measurements.csv
Expected rows:  2160 (excluding header)
===
2026-05-13 13:24:29,665 INFO calibrate calibration grid: 720 cells × 3 replans/cell = 2160 invocations (time_limit=10.0s each)
2026-05-13 13:24:29,668 INFO calibrate running with 32 workers
2026-05-13 13:24:30,923 INFO calibrate progress: 5/720 cells (0.7%, elapsed 1.3s)
2026-05-13 13:24:31,127 INFO calibrate progress: 10/720 cells (1.4%, elapsed 1.5s)
2026-05-13 13:24:31,697 INFO calibrate progress: 15/720 cells (2.1%, elapsed 2.0s)
2026-05-13 13:24:32,322 INFO calibrate progress: 20/720 cells (2.8%, elapsed 2.7s)
2026-05-13 13:24:33,678 INFO calibrate progress: 25/720 cells (3.5%, elapsed 4.0s)
2026-05-13 13:24:34,396 INFO calibrate progress: 30/720 cells (4.2%, elapsed 4.7s)
2026-05-13 13:24:35,150 INFO calibrate progress: 35/720 cells (4.9%, elapsed 5.5s)
2026-05-13 13:24:45,272 INFO calibrate progress: 40/720 cells (5.6%, elapsed 15.6s)
2026-05-13 13:25:14,760 INFO calibrate progress: 45/720 cells (6.2%, elapsed 45.1s)
2026-05-13 13:25:46,730 INFO calibrate progress: 50/720 cells (6.9%, elapsed 77.1s)
2026-05-13 13:25:49,134 INFO calibrate progress: 55/720 cells (7.6%, elapsed 79.5s)
2026-05-13 13:25:53,438 INFO calibrate progress: 60/720 cells (8.3%, elapsed 83.8s)
2026-05-13 13:25:58,970 INFO calibrate progress: 65/720 cells (9.0%, elapsed 89.3s)
2026-05-13 13:26:02,622 INFO calibrate progress: 70/720 cells (9.7%, elapsed 93.0s)
2026-05-13 13:26:18,386 INFO calibrate progress: 75/720 cells (10.4%, elapsed 108.7s)
2026-05-13 13:27:03,033 INFO calibrate progress: 80/720 cells (11.1%, elapsed 153.4s)
2026-05-13 13:27:12,492 INFO calibrate progress: 85/720 cells (11.8%, elapsed 162.8s)
2026-05-13 13:27:23,553 INFO calibrate progress: 90/720 cells (12.5%, elapsed 173.9s)
2026-05-13 13:27:26,341 INFO calibrate progress: 95/720 cells (13.2%, elapsed 176.7s)
2026-05-13 13:27:28,979 INFO calibrate progress: 100/720 cells (13.9%, elapsed 179.3s)
2026-05-13 13:27:40,693 INFO calibrate progress: 105/720 cells (14.6%, elapsed 191.0s)
2026-05-13 13:27:48,679 INFO calibrate progress: 110/720 cells (15.3%, elapsed 199.0s)
2026-05-13 13:28:07,546 INFO calibrate progress: 115/720 cells (16.0%, elapsed 217.9s)
2026-05-13 13:28:39,715 INFO calibrate progress: 120/720 cells (16.7%, elapsed 250.1s)
2026-05-13 13:28:50,660 INFO calibrate progress: 125/720 cells (17.4%, elapsed 261.0s)
2026-05-13 13:29:15,136 INFO calibrate progress: 130/720 cells (18.1%, elapsed 285.5s)
2026-05-13 13:29:30,664 INFO calibrate progress: 135/720 cells (18.8%, elapsed 301.0s)
2026-05-13 13:29:49,304 INFO calibrate progress: 140/720 cells (19.4%, elapsed 319.6s)
2026-05-13 13:29:57,698 INFO calibrate progress: 145/720 cells (20.1%, elapsed 328.0s)
2026-05-13 13:30:11,975 INFO calibrate progress: 150/720 cells (20.8%, elapsed 342.3s)
2026-05-13 13:30:26,333 INFO calibrate progress: 155/720 cells (21.5%, elapsed 356.7s)
2026-05-13 13:30:57,635 INFO calibrate progress: 160/720 cells (22.2%, elapsed 388.0s)
2026-05-13 13:31:06,318 INFO calibrate progress: 165/720 cells (22.9%, elapsed 396.7s)
2026-05-13 13:31:23,995 INFO calibrate progress: 170/720 cells (23.6%, elapsed 414.3s)
2026-05-13 13:31:47,895 INFO calibrate progress: 175/720 cells (24.3%, elapsed 438.2s)
2026-05-13 13:32:03,721 INFO calibrate progress: 180/720 cells (25.0%, elapsed 454.1s)
2026-05-13 13:32:48,739 INFO calibrate progress: 185/720 cells (25.7%, elapsed 499.1s)
2026-05-13 13:32:55,945 INFO calibrate progress: 190/720 cells (26.4%, elapsed 506.3s)
2026-05-13 13:33:05,522 INFO calibrate progress: 195/720 cells (27.1%, elapsed 515.9s)
2026-05-13 13:33:12,414 INFO calibrate progress: 200/720 cells (27.8%, elapsed 522.7s)
2026-05-13 13:34:13,587 INFO calibrate progress: 205/720 cells (28.5%, elapsed 583.9s)
2026-05-13 13:34:37,541 INFO calibrate progress: 210/720 cells (29.2%, elapsed 607.9s)
2026-05-13 13:34:39,774 INFO calibrate progress: 215/720 cells (29.9%, elapsed 610.1s)
2026-05-13 13:34:40,708 INFO calibrate progress: 220/720 cells (30.6%, elapsed 611.0s)
2026-05-13 13:34:42,861 INFO calibrate progress: 225/720 cells (31.2%, elapsed 613.2s)
2026-05-13 13:34:44,566 INFO calibrate progress: 230/720 cells (31.9%, elapsed 614.9s)
2026-05-13 13:34:48,429 INFO calibrate progress: 235/720 cells (32.6%, elapsed 618.8s)
2026-05-13 13:34:52,080 INFO calibrate progress: 240/720 cells (33.3%, elapsed 622.4s)
2026-05-13 13:34:58,850 INFO calibrate progress: 245/720 cells (34.0%, elapsed 629.2s)
2026-05-13 13:35:03,778 INFO calibrate progress: 250/720 cells (34.7%, elapsed 634.1s)
2026-05-13 13:35:07,177 INFO calibrate progress: 255/720 cells (35.4%, elapsed 637.5s)
2026-05-13 13:35:09,732 INFO calibrate progress: 260/720 cells (36.1%, elapsed 640.1s)
2026-05-13 13:35:19,702 INFO calibrate progress: 265/720 cells (36.8%, elapsed 650.0s)
2026-05-13 13:35:34,034 INFO calibrate progress: 270/720 cells (37.5%, elapsed 664.4s)
2026-05-13 13:35:53,318 INFO calibrate progress: 275/720 cells (38.2%, elapsed 683.7s)
2026-05-13 13:36:05,268 INFO calibrate progress: 280/720 cells (38.9%, elapsed 695.6s)
2026-05-13 13:36:18,399 INFO calibrate progress: 285/720 cells (39.6%, elapsed 708.7s)
2026-05-13 13:36:53,365 INFO calibrate progress: 290/720 cells (40.3%, elapsed 743.7s)
2026-05-13 13:36:59,000 INFO calibrate progress: 295/720 cells (41.0%, elapsed 749.3s)
2026-05-13 13:37:07,410 INFO calibrate progress: 300/720 cells (41.7%, elapsed 757.7s)
2026-05-13 13:37:09,462 INFO calibrate progress: 305/720 cells (42.4%, elapsed 759.8s)
2026-05-13 13:37:17,353 INFO calibrate progress: 310/720 cells (43.1%, elapsed 767.7s)
2026-05-13 13:37:20,178 INFO calibrate progress: 315/720 cells (43.8%, elapsed 770.5s)
2026-05-13 13:37:44,208 INFO calibrate progress: 320/720 cells (44.4%, elapsed 794.5s)
2026-05-13 13:37:54,887 INFO calibrate progress: 325/720 cells (45.1%, elapsed 805.2s)
2026-05-13 13:38:17,656 INFO calibrate progress: 330/720 cells (45.8%, elapsed 828.0s)
2026-05-13 13:38:18,796 INFO calibrate progress: 335/720 cells (46.5%, elapsed 829.1s)
2026-05-13 13:38:20,128 INFO calibrate progress: 340/720 cells (47.2%, elapsed 830.5s)
2026-05-13 13:38:23,467 INFO calibrate progress: 345/720 cells (47.9%, elapsed 833.8s)
2026-05-13 13:38:25,665 INFO calibrate progress: 350/720 cells (48.6%, elapsed 836.0s)
2026-05-13 13:38:29,245 INFO calibrate progress: 355/720 cells (49.3%, elapsed 839.6s)
2026-05-13 13:38:32,238 INFO calibrate progress: 360/720 cells (50.0%, elapsed 842.6s)
2026-05-13 13:38:38,425 INFO calibrate progress: 365/720 cells (50.7%, elapsed 848.8s)
2026-05-13 13:38:44,447 INFO calibrate progress: 370/720 cells (51.4%, elapsed 854.8s)
2026-05-13 13:38:48,498 INFO calibrate progress: 375/720 cells (52.1%, elapsed 858.8s)
2026-05-13 13:38:52,577 INFO calibrate progress: 380/720 cells (52.8%, elapsed 862.9s)
2026-05-13 13:39:06,905 INFO calibrate progress: 385/720 cells (53.5%, elapsed 877.2s)
2026-05-13 13:39:21,349 INFO calibrate progress: 390/720 cells (54.2%, elapsed 891.7s)
2026-05-13 13:39:41,158 INFO calibrate progress: 395/720 cells (54.9%, elapsed 911.5s)
2026-05-13 13:39:55,276 INFO calibrate progress: 400/720 cells (55.6%, elapsed 925.6s)
2026-05-13 13:40:18,719 INFO calibrate progress: 405/720 cells (56.2%, elapsed 949.1s)
2026-05-13 13:40:37,994 INFO calibrate progress: 410/720 cells (56.9%, elapsed 968.3s)
2026-05-13 13:40:49,717 INFO calibrate progress: 415/720 cells (57.6%, elapsed 980.1s)
2026-05-13 13:40:58,253 INFO calibrate progress: 420/720 cells (58.3%, elapsed 988.6s)
2026-05-13 13:41:03,298 INFO calibrate progress: 425/720 cells (59.0%, elapsed 993.6s)
2026-05-13 13:41:18,096 INFO calibrate progress: 430/720 cells (59.7%, elapsed 1008.4s)
2026-05-13 13:41:37,864 INFO calibrate progress: 435/720 cells (60.4%, elapsed 1028.2s)
2026-05-13 13:41:53,134 INFO calibrate progress: 440/720 cells (61.1%, elapsed 1043.5s)
2026-05-13 13:42:39,265 INFO calibrate progress: 445/720 cells (61.8%, elapsed 1089.6s)
2026-05-13 13:43:35,290 INFO calibrate progress: 450/720 cells (62.5%, elapsed 1145.6s)
2026-05-13 13:43:36,279 INFO calibrate progress: 455/720 cells (63.2%, elapsed 1146.6s)
2026-05-13 13:43:37,105 INFO calibrate progress: 460/720 cells (63.9%, elapsed 1147.4s)
2026-05-13 13:43:38,502 INFO calibrate progress: 465/720 cells (64.6%, elapsed 1148.8s)
2026-05-13 13:43:40,808 INFO calibrate progress: 470/720 cells (65.3%, elapsed 1151.1s)
2026-05-13 13:44:10,060 INFO calibrate progress: 475/720 cells (66.0%, elapsed 1180.4s)
2026-05-13 13:44:14,211 INFO calibrate progress: 480/720 cells (66.7%, elapsed 1184.5s)
2026-05-13 13:44:33,090 INFO calibrate progress: 485/720 cells (67.4%, elapsed 1203.4s)
2026-05-13 13:44:47,082 INFO calibrate progress: 490/720 cells (68.1%, elapsed 1217.4s)
2026-05-13 13:44:52,522 INFO calibrate progress: 495/720 cells (68.8%, elapsed 1222.9s)
2026-05-13 13:44:56,665 INFO calibrate progress: 500/720 cells (69.4%, elapsed 1227.0s)
2026-05-13 13:45:06,304 INFO calibrate progress: 505/720 cells (70.1%, elapsed 1236.6s)
2026-05-13 13:45:15,932 INFO calibrate progress: 510/720 cells (70.8%, elapsed 1246.3s)
2026-05-13 13:45:20,782 INFO calibrate progress: 515/720 cells (71.5%, elapsed 1251.1s)
2026-05-13 13:45:37,308 INFO calibrate progress: 520/720 cells (72.2%, elapsed 1267.6s)
2026-05-13 13:46:17,795 INFO calibrate progress: 525/720 cells (72.9%, elapsed 1308.1s)
2026-05-13 13:46:40,635 INFO calibrate progress: 530/720 cells (73.6%, elapsed 1331.0s)
2026-05-13 13:46:51,709 INFO calibrate progress: 535/720 cells (74.3%, elapsed 1342.0s)
2026-05-13 13:46:56,160 INFO calibrate progress: 540/720 cells (75.0%, elapsed 1346.5s)
2026-05-13 13:47:00,572 INFO calibrate progress: 545/720 cells (75.7%, elapsed 1350.9s)
2026-05-13 13:47:51,942 INFO calibrate progress: 550/720 cells (76.4%, elapsed 1402.3s)
2026-05-13 13:48:10,837 INFO calibrate progress: 555/720 cells (77.1%, elapsed 1421.2s)
2026-05-13 13:48:19,663 INFO calibrate progress: 560/720 cells (77.8%, elapsed 1430.0s)
2026-05-13 13:48:44,735 INFO calibrate progress: 565/720 cells (78.5%, elapsed 1455.1s)
2026-05-13 13:49:04,188 INFO calibrate progress: 570/720 cells (79.2%, elapsed 1474.5s)
2026-05-13 13:49:07,545 INFO calibrate progress: 575/720 cells (79.9%, elapsed 1477.9s)
2026-05-13 13:49:11,469 INFO calibrate progress: 580/720 cells (80.6%, elapsed 1481.8s)
2026-05-13 13:49:16,830 INFO calibrate progress: 585/720 cells (81.2%, elapsed 1487.2s)
2026-05-13 13:49:20,099 INFO calibrate progress: 590/720 cells (81.9%, elapsed 1490.4s)
2026-05-13 13:49:23,777 INFO calibrate progress: 595/720 cells (82.6%, elapsed 1494.1s)
2026-05-13 13:49:35,970 INFO calibrate progress: 600/720 cells (83.3%, elapsed 1506.3s)
2026-05-13 13:50:08,089 INFO calibrate progress: 605/720 cells (84.0%, elapsed 1538.4s)
2026-05-13 13:50:24,966 INFO calibrate progress: 610/720 cells (84.7%, elapsed 1555.3s)
2026-05-13 13:50:29,016 INFO calibrate progress: 615/720 cells (85.4%, elapsed 1559.4s)
2026-05-13 13:50:31,484 INFO calibrate progress: 620/720 cells (86.1%, elapsed 1561.8s)
2026-05-13 13:50:37,065 INFO calibrate progress: 625/720 cells (86.8%, elapsed 1567.4s)
2026-05-13 13:50:44,527 INFO calibrate progress: 630/720 cells (87.5%, elapsed 1574.9s)
2026-05-13 13:51:16,070 INFO calibrate progress: 635/720 cells (88.2%, elapsed 1606.4s)
2026-05-13 13:51:30,578 INFO calibrate progress: 640/720 cells (88.9%, elapsed 1620.9s)
2026-05-13 13:52:01,153 INFO calibrate progress: 645/720 cells (89.6%, elapsed 1651.5s)
2026-05-13 13:52:22,239 INFO calibrate progress: 650/720 cells (90.3%, elapsed 1672.6s)
2026-05-13 13:52:33,801 INFO calibrate progress: 655/720 cells (91.0%, elapsed 1684.1s)
2026-05-13 13:52:37,422 INFO calibrate progress: 660/720 cells (91.7%, elapsed 1687.8s)
2026-05-13 13:52:55,400 INFO calibrate progress: 665/720 cells (92.4%, elapsed 1705.7s)
2026-05-13 13:53:43,545 INFO calibrate progress: 670/720 cells (93.1%, elapsed 1753.9s)
2026-05-13 13:53:56,023 INFO calibrate progress: 675/720 cells (93.8%, elapsed 1766.4s)
2026-05-13 13:54:08,967 INFO calibrate progress: 680/720 cells (94.4%, elapsed 1779.3s)
2026-05-13 13:54:35,918 INFO calibrate progress: 685/720 cells (95.1%, elapsed 1806.3s)
2026-05-13 13:55:16,320 INFO calibrate progress: 690/720 cells (95.8%, elapsed 1846.7s)
2026-05-13 13:56:55,869 INFO calibrate progress: 695/720 cells (96.5%, elapsed 1946.2s)
2026-05-13 13:57:37,202 INFO calibrate progress: 700/720 cells (97.2%, elapsed 1987.5s)
2026-05-13 13:57:54,595 INFO calibrate progress: 705/720 cells (97.9%, elapsed 2004.9s)
2026-05-13 13:58:41,021 INFO calibrate progress: 710/720 cells (98.6%, elapsed 2051.4s)
2026-05-13 14:01:06,864 INFO calibrate progress: 715/720 cells (99.3%, elapsed 2197.2s)
2026-05-13 14:01:54,730 INFO calibrate progress: 720/720 cells (100.0%, elapsed 2245.1s)
2026-05-13 14:01:54,995 INFO calibrate calibration done: 720/720 cells succeeded (0 failed), 2245.3s wall
2026-05-13 14:01:54,995 INFO calibrate rows written to logs/calibration/raw_measurements.csv
===
Finished:    2026-05-13T11:01:55Z
Exit code:   0
Final rows:  2161 / 2161 expected
DONE: calibration_v1
